2021-06-21 17:16:03,153 INFO  org.apache.flink.runtime.taskexecutor.TaskManagerRunner      [] - --------------------------------------------------------------------------------
2021-06-21 17:16:03,154 INFO  org.apache.flink.runtime.taskexecutor.TaskManagerRunner      [] -  Preconfiguration: 
2021-06-21 17:16:03,154 INFO  org.apache.flink.runtime.taskexecutor.TaskManagerRunner      [] - 


RESOURCE_PARAMS extraction logs:
jvm_params: -Xmx536870902 -Xms536870902 -XX:MaxDirectMemorySize=268435458 -XX:MaxMetaspaceSize=268435456
dynamic_configs: -D taskmanager.memory.network.min=134217730b -D taskmanager.cpu.cores=1.0 -D taskmanager.memory.task.off-heap.size=0b -D taskmanager.memory.jvm-metaspace.size=268435456b -D external-resources=none -D taskmanager.memory.jvm-overhead.min=201326592b -D taskmanager.memory.framework.off-heap.size=134217728b -D taskmanager.memory.network.max=134217730b -D taskmanager.memory.framework.heap.size=134217728b -D taskmanager.memory.managed.size=536870920b -D taskmanager.memory.task.heap.size=402653174b -D taskmanager.numberOfTaskSlots=1 -D taskmanager.memory.jvm-overhead.max=201326592b
logs: INFO  [] - Loading configuration property: jobmanager.rpc.address, localhost
INFO  [] - Loading configuration property: jobmanager.rpc.port, 6123
INFO  [] - Loading configuration property: jobmanager.memory.process.size, 1600m
INFO  [] - Loading configuration property: taskmanager.memory.process.size, 1728m
INFO  [] - Loading configuration property: taskmanager.numberOfTaskSlots, 1
INFO  [] - Loading configuration property: parallelism.default, 1
INFO  [] - Loading configuration property: jobmanager.execution.failover-strategy, region
INFO  [] - The derived from fraction jvm overhead memory (172.800mb (181193935 bytes)) is less than its min value 192.000mb (201326592 bytes), min value will be used instead
INFO  [] - Final TaskExecutor Memory configuration:
INFO  [] -   Total Process Memory:          1.688gb (1811939328 bytes)
INFO  [] -     Total Flink Memory:          1.250gb (1342177280 bytes)
INFO  [] -       Total JVM Heap Memory:     512.000mb (536870902 bytes)
INFO  [] -         Framework:               128.000mb (134217728 bytes)
INFO  [] -         Task:                    384.000mb (402653174 bytes)
INFO  [] -       Total Off-heap Memory:     768.000mb (805306378 bytes)
INFO  [] -         Managed:                 512.000mb (536870920 bytes)
INFO  [] -         Total JVM Direct Memory: 256.000mb (268435458 bytes)
INFO  [] -           Framework:             128.000mb (134217728 bytes)
INFO  [] -           Task:                  0 bytes
INFO  [] -           Network:               128.000mb (134217730 bytes)
INFO  [] -     JVM Metaspace:               256.000mb (268435456 bytes)
INFO  [] -     JVM Overhead:                192.000mb (201326592 bytes)

2021-06-21 17:16:03,155 INFO  org.apache.flink.runtime.taskexecutor.TaskManagerRunner      [] - --------------------------------------------------------------------------------
2021-06-21 17:16:03,155 INFO  org.apache.flink.runtime.taskexecutor.TaskManagerRunner      [] -  Starting TaskManager (Version: 1.14-SNAPSHOT, Scala: 2.11, Rev:a3b4a08, Date:2021-05-19T03:58:03+02:00)
2021-06-21 17:16:03,155 INFO  org.apache.flink.runtime.taskexecutor.TaskManagerRunner      [] -  OS current user: curry
2021-06-21 17:16:03,155 INFO  org.apache.flink.runtime.taskexecutor.TaskManagerRunner      [] -  Current Hadoop/Kerberos user: <no hadoop dependency found>
2021-06-21 17:16:03,155 INFO  org.apache.flink.runtime.taskexecutor.TaskManagerRunner      [] -  JVM: OpenJDK 64-Bit Server VM - Private Build - 1.8/25.292-b10
2021-06-21 17:16:03,155 INFO  org.apache.flink.runtime.taskexecutor.TaskManagerRunner      [] -  Maximum heap size: 512 MiBytes
2021-06-21 17:16:03,155 INFO  org.apache.flink.runtime.taskexecutor.TaskManagerRunner      [] -  JAVA_HOME: /usr/lib/jvm/java-8-openjdk-amd64
2021-06-21 17:16:03,155 INFO  org.apache.flink.runtime.taskexecutor.TaskManagerRunner      [] -  No Hadoop Dependency available
2021-06-21 17:16:03,155 INFO  org.apache.flink.runtime.taskexecutor.TaskManagerRunner      [] -  JVM Options:
2021-06-21 17:16:03,155 INFO  org.apache.flink.runtime.taskexecutor.TaskManagerRunner      [] -     -XX:+UseG1GC
2021-06-21 17:16:03,155 INFO  org.apache.flink.runtime.taskexecutor.TaskManagerRunner      [] -     -Xmx536870902
2021-06-21 17:16:03,156 INFO  org.apache.flink.runtime.taskexecutor.TaskManagerRunner      [] -     -Xms536870902
2021-06-21 17:16:03,156 INFO  org.apache.flink.runtime.taskexecutor.TaskManagerRunner      [] -     -XX:MaxDirectMemorySize=268435458
2021-06-21 17:16:03,156 INFO  org.apache.flink.runtime.taskexecutor.TaskManagerRunner      [] -     -XX:MaxMetaspaceSize=268435456
2021-06-21 17:16:03,156 INFO  org.apache.flink.runtime.taskexecutor.TaskManagerRunner      [] -     -Dlog.file=/home/curry/flink/flink-dist/target/flink-1.14-SNAPSHOT-bin/flink-1.14-SNAPSHOT/log/flink-curry-taskexecutor-3-curry-HUST-zjj.log
2021-06-21 17:16:03,156 INFO  org.apache.flink.runtime.taskexecutor.TaskManagerRunner      [] -     -Dlog4j.configuration=file:/home/curry/flink/flink-dist/target/flink-1.14-SNAPSHOT-bin/flink-1.14-SNAPSHOT/conf/log4j.properties
2021-06-21 17:16:03,156 INFO  org.apache.flink.runtime.taskexecutor.TaskManagerRunner      [] -     -Dlog4j.configurationFile=file:/home/curry/flink/flink-dist/target/flink-1.14-SNAPSHOT-bin/flink-1.14-SNAPSHOT/conf/log4j.properties
2021-06-21 17:16:03,156 INFO  org.apache.flink.runtime.taskexecutor.TaskManagerRunner      [] -     -Dlogback.configurationFile=file:/home/curry/flink/flink-dist/target/flink-1.14-SNAPSHOT-bin/flink-1.14-SNAPSHOT/conf/logback.xml
2021-06-21 17:16:03,156 INFO  org.apache.flink.runtime.taskexecutor.TaskManagerRunner      [] -  Program Arguments:
2021-06-21 17:16:03,157 INFO  org.apache.flink.runtime.taskexecutor.TaskManagerRunner      [] -     --configDir
2021-06-21 17:16:03,157 INFO  org.apache.flink.runtime.taskexecutor.TaskManagerRunner      [] -     /home/curry/flink/flink-dist/target/flink-1.14-SNAPSHOT-bin/flink-1.14-SNAPSHOT/conf
2021-06-21 17:16:03,157 INFO  org.apache.flink.runtime.taskexecutor.TaskManagerRunner      [] -     -D
2021-06-21 17:16:03,157 INFO  org.apache.flink.runtime.taskexecutor.TaskManagerRunner      [] -     taskmanager.memory.network.min=134217730b
2021-06-21 17:16:03,157 INFO  org.apache.flink.runtime.taskexecutor.TaskManagerRunner      [] -     -D
2021-06-21 17:16:03,157 INFO  org.apache.flink.runtime.taskexecutor.TaskManagerRunner      [] -     taskmanager.cpu.cores=1.0
2021-06-21 17:16:03,157 INFO  org.apache.flink.runtime.taskexecutor.TaskManagerRunner      [] -     -D
2021-06-21 17:16:03,157 INFO  org.apache.flink.runtime.taskexecutor.TaskManagerRunner      [] -     taskmanager.memory.task.off-heap.size=0b
2021-06-21 17:16:03,157 INFO  org.apache.flink.runtime.taskexecutor.TaskManagerRunner      [] -     -D
2021-06-21 17:16:03,158 INFO  org.apache.flink.runtime.taskexecutor.TaskManagerRunner      [] -     taskmanager.memory.jvm-metaspace.size=268435456b
2021-06-21 17:16:03,158 INFO  org.apache.flink.runtime.taskexecutor.TaskManagerRunner      [] -     -D
2021-06-21 17:16:03,158 INFO  org.apache.flink.runtime.taskexecutor.TaskManagerRunner      [] -     external-resources=none
2021-06-21 17:16:03,158 INFO  org.apache.flink.runtime.taskexecutor.TaskManagerRunner      [] -     -D
2021-06-21 17:16:03,158 INFO  org.apache.flink.runtime.taskexecutor.TaskManagerRunner      [] -     taskmanager.memory.jvm-overhead.min=201326592b
2021-06-21 17:16:03,158 INFO  org.apache.flink.runtime.taskexecutor.TaskManagerRunner      [] -     -D
2021-06-21 17:16:03,158 INFO  org.apache.flink.runtime.taskexecutor.TaskManagerRunner      [] -     taskmanager.memory.framework.off-heap.size=134217728b
2021-06-21 17:16:03,158 INFO  org.apache.flink.runtime.taskexecutor.TaskManagerRunner      [] -     -D
2021-06-21 17:16:03,158 INFO  org.apache.flink.runtime.taskexecutor.TaskManagerRunner      [] -     taskmanager.memory.network.max=134217730b
2021-06-21 17:16:03,158 INFO  org.apache.flink.runtime.taskexecutor.TaskManagerRunner      [] -     -D
2021-06-21 17:16:03,158 INFO  org.apache.flink.runtime.taskexecutor.TaskManagerRunner      [] -     taskmanager.memory.framework.heap.size=134217728b
2021-06-21 17:16:03,158 INFO  org.apache.flink.runtime.taskexecutor.TaskManagerRunner      [] -     -D
2021-06-21 17:16:03,158 INFO  org.apache.flink.runtime.taskexecutor.TaskManagerRunner      [] -     taskmanager.memory.managed.size=536870920b
2021-06-21 17:16:03,158 INFO  org.apache.flink.runtime.taskexecutor.TaskManagerRunner      [] -     -D
2021-06-21 17:16:03,158 INFO  org.apache.flink.runtime.taskexecutor.TaskManagerRunner      [] -     taskmanager.memory.task.heap.size=402653174b
2021-06-21 17:16:03,158 INFO  org.apache.flink.runtime.taskexecutor.TaskManagerRunner      [] -     -D
2021-06-21 17:16:03,158 INFO  org.apache.flink.runtime.taskexecutor.TaskManagerRunner      [] -     taskmanager.numberOfTaskSlots=1
2021-06-21 17:16:03,158 INFO  org.apache.flink.runtime.taskexecutor.TaskManagerRunner      [] -     -D
2021-06-21 17:16:03,158 INFO  org.apache.flink.runtime.taskexecutor.TaskManagerRunner      [] -     taskmanager.memory.jvm-overhead.max=201326592b
2021-06-21 17:16:03,158 INFO  org.apache.flink.runtime.taskexecutor.TaskManagerRunner      [] -  Classpath: /home/curry/flink/flink-dist/target/flink-1.14-SNAPSHOT-bin/flink-1.14-SNAPSHOT/lib/flink-csv-1.14-SNAPSHOT.jar:/home/curry/flink/flink-dist/target/flink-1.14-SNAPSHOT-bin/flink-1.14-SNAPSHOT/lib/flink-json-1.14-SNAPSHOT.jar:/home/curry/flink/flink-dist/target/flink-1.14-SNAPSHOT-bin/flink-1.14-SNAPSHOT/lib/flink-shaded-zookeeper-3.4.14.jar:/home/curry/flink/flink-dist/target/flink-1.14-SNAPSHOT-bin/flink-1.14-SNAPSHOT/lib/flink-table_2.11-1.14-SNAPSHOT.jar:/home/curry/flink/flink-dist/target/flink-1.14-SNAPSHOT-bin/flink-1.14-SNAPSHOT/lib/flink-table-blink_2.11-1.14-SNAPSHOT.jar:/home/curry/flink/flink-dist/target/flink-1.14-SNAPSHOT-bin/flink-1.14-SNAPSHOT/lib/log4j-1.2-api-2.14.1.jar:/home/curry/flink/flink-dist/target/flink-1.14-SNAPSHOT-bin/flink-1.14-SNAPSHOT/lib/log4j-api-2.14.1.jar:/home/curry/flink/flink-dist/target/flink-1.14-SNAPSHOT-bin/flink-1.14-SNAPSHOT/lib/log4j-core-2.14.1.jar:/home/curry/flink/flink-dist/target/flink-1.14-SNAPSHOT-bin/flink-1.14-SNAPSHOT/lib/log4j-slf4j-impl-2.14.1.jar:/home/curry/flink/flink-dist/target/flink-1.14-SNAPSHOT-bin/flink-1.14-SNAPSHOT/lib/flink-dist_2.11-1.14-SNAPSHOT.jar:::
2021-06-21 17:16:03,159 INFO  org.apache.flink.runtime.taskexecutor.TaskManagerRunner      [] - --------------------------------------------------------------------------------
2021-06-21 17:16:03,159 INFO  org.apache.flink.runtime.taskexecutor.TaskManagerRunner      [] - Registered UNIX signal handlers for [TERM, HUP, INT]
2021-06-21 17:16:03,161 INFO  org.apache.flink.runtime.taskexecutor.TaskManagerRunner      [] - Maximum number of open file descriptors is 1048576.
2021-06-21 17:16:03,167 INFO  org.apache.flink.configuration.GlobalConfiguration           [] - Loading configuration property: jobmanager.rpc.address, localhost
2021-06-21 17:16:03,167 INFO  org.apache.flink.configuration.GlobalConfiguration           [] - Loading configuration property: jobmanager.rpc.port, 6123
2021-06-21 17:16:03,167 INFO  org.apache.flink.configuration.GlobalConfiguration           [] - Loading configuration property: jobmanager.memory.process.size, 1600m
2021-06-21 17:16:03,167 INFO  org.apache.flink.configuration.GlobalConfiguration           [] - Loading configuration property: taskmanager.memory.process.size, 1728m
2021-06-21 17:16:03,167 INFO  org.apache.flink.configuration.GlobalConfiguration           [] - Loading configuration property: taskmanager.numberOfTaskSlots, 1
2021-06-21 17:16:03,167 INFO  org.apache.flink.configuration.GlobalConfiguration           [] - Loading configuration property: parallelism.default, 1
2021-06-21 17:16:03,168 INFO  org.apache.flink.configuration.GlobalConfiguration           [] - Loading configuration property: jobmanager.execution.failover-strategy, region
2021-06-21 17:16:03,197 INFO  org.apache.flink.core.fs.FileSystem                          [] - Hadoop is not in the classpath/dependencies. The extended set of supported File Systems via Hadoop is not available.
2021-06-21 17:16:03,221 INFO  org.apache.flink.runtime.security.modules.HadoopModuleFactory [] - Cannot create Hadoop Security Module because Hadoop cannot be found in the Classpath.
2021-06-21 17:16:03,228 INFO  org.apache.flink.runtime.security.modules.JaasModule         [] - Jaas file will be created as /tmp/jaas-8614603482745340716.conf.
2021-06-21 17:16:03,232 INFO  org.apache.flink.runtime.security.contexts.HadoopSecurityContextFactory [] - Cannot install HadoopSecurityContext because Hadoop cannot be found in the Classpath.
2021-06-21 17:16:03,263 INFO  org.apache.flink.configuration.Configuration                 [] - Config uses fallback configuration key 'jobmanager.rpc.address' instead of key 'rest.address'
2021-06-21 17:16:03,272 INFO  org.apache.flink.runtime.util.LeaderRetrievalUtils           [] - Trying to select the network interface and address to use by connecting to the leading JobManager.
2021-06-21 17:16:03,272 INFO  org.apache.flink.runtime.util.LeaderRetrievalUtils           [] - TaskManager will try to connect for PT10S before falling back to heuristics
2021-06-21 17:16:03,301 INFO  org.apache.flink.runtime.taskexecutor.TaskManagerRunner      [] - TaskManager will use hostname/address 'curry-HUST-zjj' (127.0.0.1) for communication.
2021-06-21 17:16:03,308 INFO  org.apache.flink.runtime.rpc.akka.AkkaRpcServiceUtils        [] - Trying to start actor system, external address 127.0.0.1:0, bind address 0.0.0.0:0.
2021-06-21 17:16:03,591 INFO  akka.event.slf4j.Slf4jLogger                                 [] - Slf4jLogger started
2021-06-21 17:16:03,602 INFO  akka.remote.Remoting                                         [] - Starting remoting
2021-06-21 17:16:03,670 INFO  akka.remote.Remoting                                         [] - Remoting started; listening on addresses :[akka.tcp://flink@127.0.0.1:44621]
2021-06-21 17:16:03,722 INFO  org.apache.flink.runtime.rpc.akka.AkkaRpcServiceUtils        [] - Actor system started at akka.tcp://flink@127.0.0.1:44621
2021-06-21 17:16:03,735 INFO  org.apache.flink.runtime.metrics.MetricRegistryImpl          [] - No metrics reporter configured, no metrics will be exposed/reported.
2021-06-21 17:16:03,738 INFO  org.apache.flink.runtime.rpc.akka.AkkaRpcServiceUtils        [] - Trying to start actor system, external address 127.0.0.1:0, bind address 0.0.0.0:0.
2021-06-21 17:16:03,748 INFO  akka.event.slf4j.Slf4jLogger                                 [] - Slf4jLogger started
2021-06-21 17:16:03,749 INFO  akka.remote.Remoting                                         [] - Starting remoting
2021-06-21 17:16:03,754 INFO  akka.remote.Remoting                                         [] - Remoting started; listening on addresses :[akka.tcp://flink-metrics@127.0.0.1:42933]
2021-06-21 17:16:03,760 INFO  org.apache.flink.runtime.rpc.akka.AkkaRpcServiceUtils        [] - Actor system started at akka.tcp://flink-metrics@127.0.0.1:42933
2021-06-21 17:16:03,770 INFO  org.apache.flink.runtime.rpc.akka.AkkaRpcService             [] - Starting RPC endpoint for org.apache.flink.runtime.metrics.dump.MetricQueryService at akka://flink-metrics/user/rpc/MetricQueryService_127.0.0.1:44621-84d7e1 .
2021-06-21 17:16:03,778 INFO  org.apache.flink.runtime.blob.PermanentBlobCache             [] - Created BLOB cache storage directory /tmp/blobStore-7e2f0213-8774-4411-958a-8ea09dce318f
2021-06-21 17:16:03,780 INFO  org.apache.flink.runtime.blob.TransientBlobCache             [] - Created BLOB cache storage directory /tmp/blobStore-4913eb0e-f98b-4ace-ba60-5e7824696f2c
2021-06-21 17:16:03,782 INFO  org.apache.flink.runtime.externalresource.ExternalResourceUtils [] - Enabled external resources: []
2021-06-21 17:16:03,782 INFO  org.apache.flink.runtime.taskexecutor.TaskManagerRunner      [] - Starting TaskManager with ResourceID: 127.0.0.1:44621-84d7e1
2021-06-21 17:16:03,803 INFO  org.apache.flink.runtime.taskexecutor.TaskManagerServices    [] - Temporary file directory '/tmp': total 109 GB, usable 64 GB (58.72% usable)
2021-06-21 17:16:03,805 INFO  org.apache.flink.runtime.io.disk.FileChannelManagerImpl      [] - FileChannelManager uses directory /tmp/flink-io-4bd34cac-c629-445c-9d2e-1e6691fab5cf for spill files.
2021-06-21 17:16:03,814 INFO  org.apache.flink.runtime.io.network.netty.NettyConfig        [] - NettyConfig [server address: /0.0.0.0, server port: 0, ssl enabled: false, memory segment size (bytes): 32768, transport type: AUTO, number of server threads: 1 (manual), number of client threads: 1 (manual), server connect backlog: 0 (use Netty's default), client connect timeout (sec): 120, send/receive buffer size (bytes): 0 (use Netty's default)]
2021-06-21 17:16:03,817 INFO  org.apache.flink.runtime.io.disk.FileChannelManagerImpl      [] - FileChannelManager uses directory /tmp/flink-netty-shuffle-8d2213a2-92fe-4e85-8899-fd7124591da1 for spill files.
2021-06-21 17:16:03,934 INFO  org.apache.flink.runtime.io.network.buffer.NetworkBufferPool [] - Allocated 128 MB for network buffer pool (number of memory segments: 4096, bytes per segment: 32768).
2021-06-21 17:16:03,946 INFO  org.apache.flink.runtime.io.network.NettyShuffleEnvironment  [] - Starting the network environment and its components.
2021-06-21 17:16:04,000 INFO  org.apache.flink.runtime.io.network.netty.NettyClient        [] - Transport type 'auto': using EPOLL.
2021-06-21 17:16:04,001 INFO  org.apache.flink.runtime.io.network.netty.NettyClient        [] - Successful initialization (took 54 ms).
2021-06-21 17:16:04,004 INFO  org.apache.flink.runtime.io.network.netty.NettyServer        [] - Transport type 'auto': using EPOLL.
2021-06-21 17:16:04,025 INFO  org.apache.flink.runtime.io.network.netty.NettyServer        [] - Successful initialization (took 23 ms). Listening on SocketAddress /0:0:0:0:0:0:0:0%0:46305.
2021-06-21 17:16:04,026 INFO  org.apache.flink.runtime.taskexecutor.KvStateService         [] - Starting the kvState service and its components.
2021-06-21 17:16:04,048 INFO  org.apache.flink.runtime.rpc.akka.AkkaRpcService             [] - Starting RPC endpoint for org.apache.flink.runtime.taskexecutor.TaskExecutor at akka://flink/user/rpc/taskmanager_0 .
2021-06-21 17:16:04,063 INFO  org.apache.flink.runtime.taskexecutor.DefaultJobLeaderService [] - Start job leader service.
2021-06-21 17:16:04,064 INFO  org.apache.flink.runtime.filecache.FileCache                 [] - User file cache uses directory /tmp/flink-dist-cache-4aaedca4-a313-4cfd-8882-b94b843ab49b
2021-06-21 17:16:04,066 INFO  org.apache.flink.runtime.taskexecutor.TaskExecutor           [] - Connecting to ResourceManager akka.tcp://flink@localhost:6123/user/rpc/resourcemanager_*(00000000000000000000000000000000).
2021-06-21 17:16:04,158 INFO  org.apache.flink.runtime.taskexecutor.TaskExecutor           [] - Resolved ResourceManager address, beginning registration
2021-06-21 17:16:04,184 INFO  org.apache.flink.runtime.taskexecutor.TaskExecutor           [] - Successful registration at resource manager akka.tcp://flink@localhost:6123/user/rpc/resourcemanager_* under registration id b046d0a9c7a2a3744d79f36f051ee0dc.
