2021-06-21 17:16:02,697 INFO  org.apache.flink.runtime.entrypoint.ClusterEntrypoint        [] - --------------------------------------------------------------------------------
2021-06-21 17:16:02,699 INFO  org.apache.flink.runtime.entrypoint.ClusterEntrypoint        [] -  Preconfiguration: 
2021-06-21 17:16:02,699 INFO  org.apache.flink.runtime.entrypoint.ClusterEntrypoint        [] - 


RESOURCE_PARAMS extraction logs:
jvm_params: -Xmx1073741824 -Xms1073741824 -XX:MaxMetaspaceSize=268435456
dynamic_configs: -D jobmanager.memory.off-heap.size=134217728b -D jobmanager.memory.jvm-overhead.min=201326592b -D jobmanager.memory.jvm-metaspace.size=268435456b -D jobmanager.memory.heap.size=1073741824b -D jobmanager.memory.jvm-overhead.max=201326592b
logs: INFO  [] - Loading configuration property: jobmanager.rpc.address, localhost
INFO  [] - Loading configuration property: jobmanager.rpc.port, 6123
INFO  [] - Loading configuration property: jobmanager.memory.process.size, 1600m
INFO  [] - Loading configuration property: taskmanager.memory.process.size, 1728m
INFO  [] - Loading configuration property: taskmanager.numberOfTaskSlots, 1
INFO  [] - Loading configuration property: parallelism.default, 1
INFO  [] - Loading configuration property: jobmanager.execution.failover-strategy, region
INFO  [] - The derived from fraction jvm overhead memory (160.000mb (167772162 bytes)) is less than its min value 192.000mb (201326592 bytes), min value will be used instead
INFO  [] - Final Master Memory configuration:
INFO  [] -   Total Process Memory: 1.563gb (1677721600 bytes)
INFO  [] -     Total Flink Memory: 1.125gb (1207959552 bytes)
INFO  [] -       JVM Heap:         1024.000mb (1073741824 bytes)
INFO  [] -       Off-heap:         128.000mb (134217728 bytes)
INFO  [] -     JVM Metaspace:      256.000mb (268435456 bytes)
INFO  [] -     JVM Overhead:       192.000mb (201326592 bytes)

2021-06-21 17:16:02,699 INFO  org.apache.flink.runtime.entrypoint.ClusterEntrypoint        [] - --------------------------------------------------------------------------------
2021-06-21 17:16:02,699 INFO  org.apache.flink.runtime.entrypoint.ClusterEntrypoint        [] -  Starting StandaloneSessionClusterEntrypoint (Version: 1.14-SNAPSHOT, Scala: 2.11, Rev:a3b4a08, Date:2021-05-19T03:58:03+02:00)
2021-06-21 17:16:02,699 INFO  org.apache.flink.runtime.entrypoint.ClusterEntrypoint        [] -  OS current user: curry
2021-06-21 17:16:02,699 INFO  org.apache.flink.runtime.entrypoint.ClusterEntrypoint        [] -  Current Hadoop/Kerberos user: <no hadoop dependency found>
2021-06-21 17:16:02,699 INFO  org.apache.flink.runtime.entrypoint.ClusterEntrypoint        [] -  JVM: OpenJDK 64-Bit Server VM - Private Build - 1.8/25.292-b10
2021-06-21 17:16:02,699 INFO  org.apache.flink.runtime.entrypoint.ClusterEntrypoint        [] -  Maximum heap size: 981 MiBytes
2021-06-21 17:16:02,699 INFO  org.apache.flink.runtime.entrypoint.ClusterEntrypoint        [] -  JAVA_HOME: /usr/lib/jvm/java-8-openjdk-amd64
2021-06-21 17:16:02,700 INFO  org.apache.flink.runtime.entrypoint.ClusterEntrypoint        [] -  No Hadoop Dependency available
2021-06-21 17:16:02,700 INFO  org.apache.flink.runtime.entrypoint.ClusterEntrypoint        [] -  JVM Options:
2021-06-21 17:16:02,700 INFO  org.apache.flink.runtime.entrypoint.ClusterEntrypoint        [] -     -Xmx1073741824
2021-06-21 17:16:02,700 INFO  org.apache.flink.runtime.entrypoint.ClusterEntrypoint        [] -     -Xms1073741824
2021-06-21 17:16:02,700 INFO  org.apache.flink.runtime.entrypoint.ClusterEntrypoint        [] -     -XX:MaxMetaspaceSize=268435456
2021-06-21 17:16:02,700 INFO  org.apache.flink.runtime.entrypoint.ClusterEntrypoint        [] -     -Dlog.file=/home/curry/flink/flink-dist/target/flink-1.14-SNAPSHOT-bin/flink-1.14-SNAPSHOT/log/flink-curry-standalonesession-3-curry-HUST-zjj.log
2021-06-21 17:16:02,700 INFO  org.apache.flink.runtime.entrypoint.ClusterEntrypoint        [] -     -Dlog4j.configuration=file:/home/curry/flink/flink-dist/target/flink-1.14-SNAPSHOT-bin/flink-1.14-SNAPSHOT/conf/log4j.properties
2021-06-21 17:16:02,700 INFO  org.apache.flink.runtime.entrypoint.ClusterEntrypoint        [] -     -Dlog4j.configurationFile=file:/home/curry/flink/flink-dist/target/flink-1.14-SNAPSHOT-bin/flink-1.14-SNAPSHOT/conf/log4j.properties
2021-06-21 17:16:02,700 INFO  org.apache.flink.runtime.entrypoint.ClusterEntrypoint        [] -     -Dlogback.configurationFile=file:/home/curry/flink/flink-dist/target/flink-1.14-SNAPSHOT-bin/flink-1.14-SNAPSHOT/conf/logback.xml
2021-06-21 17:16:02,700 INFO  org.apache.flink.runtime.entrypoint.ClusterEntrypoint        [] -  Program Arguments:
2021-06-21 17:16:02,700 INFO  org.apache.flink.runtime.entrypoint.ClusterEntrypoint        [] -     --configDir
2021-06-21 17:16:02,701 INFO  org.apache.flink.runtime.entrypoint.ClusterEntrypoint        [] -     /home/curry/flink/flink-dist/target/flink-1.14-SNAPSHOT-bin/flink-1.14-SNAPSHOT/conf
2021-06-21 17:16:02,701 INFO  org.apache.flink.runtime.entrypoint.ClusterEntrypoint        [] -     --executionMode
2021-06-21 17:16:02,701 INFO  org.apache.flink.runtime.entrypoint.ClusterEntrypoint        [] -     cluster
2021-06-21 17:16:02,701 INFO  org.apache.flink.runtime.entrypoint.ClusterEntrypoint        [] -     -D
2021-06-21 17:16:02,701 INFO  org.apache.flink.runtime.entrypoint.ClusterEntrypoint        [] -     jobmanager.memory.off-heap.size=134217728b
2021-06-21 17:16:02,701 INFO  org.apache.flink.runtime.entrypoint.ClusterEntrypoint        [] -     -D
2021-06-21 17:16:02,701 INFO  org.apache.flink.runtime.entrypoint.ClusterEntrypoint        [] -     jobmanager.memory.jvm-overhead.min=201326592b
2021-06-21 17:16:02,701 INFO  org.apache.flink.runtime.entrypoint.ClusterEntrypoint        [] -     -D
2021-06-21 17:16:02,701 INFO  org.apache.flink.runtime.entrypoint.ClusterEntrypoint        [] -     jobmanager.memory.jvm-metaspace.size=268435456b
2021-06-21 17:16:02,701 INFO  org.apache.flink.runtime.entrypoint.ClusterEntrypoint        [] -     -D
2021-06-21 17:16:02,701 INFO  org.apache.flink.runtime.entrypoint.ClusterEntrypoint        [] -     jobmanager.memory.heap.size=1073741824b
2021-06-21 17:16:02,701 INFO  org.apache.flink.runtime.entrypoint.ClusterEntrypoint        [] -     -D
2021-06-21 17:16:02,701 INFO  org.apache.flink.runtime.entrypoint.ClusterEntrypoint        [] -     jobmanager.memory.jvm-overhead.max=201326592b
2021-06-21 17:16:02,701 INFO  org.apache.flink.runtime.entrypoint.ClusterEntrypoint        [] -  Classpath: /home/curry/flink/flink-dist/target/flink-1.14-SNAPSHOT-bin/flink-1.14-SNAPSHOT/lib/flink-csv-1.14-SNAPSHOT.jar:/home/curry/flink/flink-dist/target/flink-1.14-SNAPSHOT-bin/flink-1.14-SNAPSHOT/lib/flink-json-1.14-SNAPSHOT.jar:/home/curry/flink/flink-dist/target/flink-1.14-SNAPSHOT-bin/flink-1.14-SNAPSHOT/lib/flink-shaded-zookeeper-3.4.14.jar:/home/curry/flink/flink-dist/target/flink-1.14-SNAPSHOT-bin/flink-1.14-SNAPSHOT/lib/flink-table_2.11-1.14-SNAPSHOT.jar:/home/curry/flink/flink-dist/target/flink-1.14-SNAPSHOT-bin/flink-1.14-SNAPSHOT/lib/flink-table-blink_2.11-1.14-SNAPSHOT.jar:/home/curry/flink/flink-dist/target/flink-1.14-SNAPSHOT-bin/flink-1.14-SNAPSHOT/lib/log4j-1.2-api-2.14.1.jar:/home/curry/flink/flink-dist/target/flink-1.14-SNAPSHOT-bin/flink-1.14-SNAPSHOT/lib/log4j-api-2.14.1.jar:/home/curry/flink/flink-dist/target/flink-1.14-SNAPSHOT-bin/flink-1.14-SNAPSHOT/lib/log4j-core-2.14.1.jar:/home/curry/flink/flink-dist/target/flink-1.14-SNAPSHOT-bin/flink-1.14-SNAPSHOT/lib/log4j-slf4j-impl-2.14.1.jar:/home/curry/flink/flink-dist/target/flink-1.14-SNAPSHOT-bin/flink-1.14-SNAPSHOT/lib/flink-dist_2.11-1.14-SNAPSHOT.jar:::
2021-06-21 17:16:02,701 INFO  org.apache.flink.runtime.entrypoint.ClusterEntrypoint        [] - --------------------------------------------------------------------------------
2021-06-21 17:16:02,703 INFO  org.apache.flink.runtime.entrypoint.ClusterEntrypoint        [] - Registered UNIX signal handlers for [TERM, HUP, INT]
2021-06-21 17:16:02,711 INFO  org.apache.flink.configuration.GlobalConfiguration           [] - Loading configuration property: jobmanager.rpc.address, localhost
2021-06-21 17:16:02,711 INFO  org.apache.flink.configuration.GlobalConfiguration           [] - Loading configuration property: jobmanager.rpc.port, 6123
2021-06-21 17:16:02,711 INFO  org.apache.flink.configuration.GlobalConfiguration           [] - Loading configuration property: jobmanager.memory.process.size, 1600m
2021-06-21 17:16:02,711 INFO  org.apache.flink.configuration.GlobalConfiguration           [] - Loading configuration property: taskmanager.memory.process.size, 1728m
2021-06-21 17:16:02,711 INFO  org.apache.flink.configuration.GlobalConfiguration           [] - Loading configuration property: taskmanager.numberOfTaskSlots, 1
2021-06-21 17:16:02,711 INFO  org.apache.flink.configuration.GlobalConfiguration           [] - Loading configuration property: parallelism.default, 1
2021-06-21 17:16:02,712 INFO  org.apache.flink.configuration.GlobalConfiguration           [] - Loading configuration property: jobmanager.execution.failover-strategy, region
2021-06-21 17:16:02,729 INFO  org.apache.flink.runtime.entrypoint.ClusterEntrypoint        [] - Starting StandaloneSessionClusterEntrypoint.
2021-06-21 17:16:02,770 INFO  org.apache.flink.runtime.entrypoint.ClusterEntrypoint        [] - Install default filesystem.
2021-06-21 17:16:02,776 INFO  org.apache.flink.core.fs.FileSystem                          [] - Hadoop is not in the classpath/dependencies. The extended set of supported File Systems via Hadoop is not available.
2021-06-21 17:16:02,815 INFO  org.apache.flink.runtime.entrypoint.ClusterEntrypoint        [] - Install security context.
2021-06-21 17:16:02,822 INFO  org.apache.flink.runtime.security.modules.HadoopModuleFactory [] - Cannot create Hadoop Security Module because Hadoop cannot be found in the Classpath.
2021-06-21 17:16:02,824 INFO  org.apache.flink.runtime.security.modules.JaasModule         [] - Jaas file will be created as /tmp/jaas-7439751818840476485.conf.
2021-06-21 17:16:02,827 INFO  org.apache.flink.runtime.security.contexts.HadoopSecurityContextFactory [] - Cannot install HadoopSecurityContext because Hadoop cannot be found in the Classpath.
2021-06-21 17:16:02,828 INFO  org.apache.flink.runtime.entrypoint.ClusterEntrypoint        [] - Initializing cluster services.
2021-06-21 17:16:02,861 INFO  org.apache.flink.runtime.rpc.akka.AkkaRpcServiceUtils        [] - Trying to start actor system, external address localhost:6123, bind address 0.0.0.0:6123.
2021-06-21 17:16:03,291 INFO  akka.event.slf4j.Slf4jLogger                                 [] - Slf4jLogger started
2021-06-21 17:16:03,307 INFO  akka.remote.Remoting                                         [] - Starting remoting
2021-06-21 17:16:03,418 ERROR akka.remote.transport.netty.NettyTransport                   [] - failed to bind to /0.0.0.0:6123, shutting down Netty transport
2021-06-21 17:16:03,424 INFO  org.apache.flink.runtime.entrypoint.ClusterEntrypoint        [] - Shutting StandaloneSessionClusterEntrypoint down with application status FAILED. Diagnostics java.net.BindException: Could not start actor system on any port in port range 6123
	at org.apache.flink.runtime.clusterframework.BootstrapTools.startRemoteActorSystem(BootstrapTools.java:173)
	at org.apache.flink.runtime.rpc.akka.AkkaRpcServiceUtils$AkkaRpcServiceBuilder.createAndStart(AkkaRpcServiceUtils.java:370)
	at org.apache.flink.runtime.rpc.akka.AkkaRpcServiceUtils$AkkaRpcServiceBuilder.createAndStart(AkkaRpcServiceUtils.java:344)
	at org.apache.flink.runtime.rpc.akka.AkkaRpcServiceUtils.createRemoteRpcService(AkkaRpcServiceUtils.java:92)
	at org.apache.flink.runtime.entrypoint.ClusterEntrypoint.initializeServices(ClusterEntrypoint.java:294)
	at org.apache.flink.runtime.entrypoint.ClusterEntrypoint.runCluster(ClusterEntrypoint.java:239)
	at org.apache.flink.runtime.entrypoint.ClusterEntrypoint.lambda$startCluster$1(ClusterEntrypoint.java:189)
	at org.apache.flink.runtime.security.contexts.NoOpSecurityContext.runSecured(NoOpSecurityContext.java:28)
	at org.apache.flink.runtime.entrypoint.ClusterEntrypoint.startCluster(ClusterEntrypoint.java:186)
	at org.apache.flink.runtime.entrypoint.ClusterEntrypoint.runClusterEntrypoint(ClusterEntrypoint.java:600)
	at org.apache.flink.runtime.entrypoint.StandaloneSessionClusterEntrypoint.main(StandaloneSessionClusterEntrypoint.java:59)
.
2021-06-21 17:16:03,433 INFO  akka.remote.RemoteActorRefProvider$RemotingTerminator        [] - Shutting down remote daemon.
2021-06-21 17:16:03,434 INFO  akka.remote.RemoteActorRefProvider$RemotingTerminator        [] - Remote daemon shut down; proceeding with flushing remote transports.
2021-06-21 17:16:03,436 ERROR akka.remote.Remoting                                         [] - Remoting system has been terminated abrubtly. Attempting to shut down transports
2021-06-21 17:16:03,438 INFO  akka.remote.RemoteActorRefProvider$RemotingTerminator        [] - Remoting shut down.
2021-06-21 17:16:03,447 ERROR org.apache.flink.runtime.entrypoint.ClusterEntrypoint        [] - Could not start cluster entrypoint StandaloneSessionClusterEntrypoint.
org.apache.flink.runtime.entrypoint.ClusterEntrypointException: Failed to initialize the cluster entrypoint StandaloneSessionClusterEntrypoint.
	at org.apache.flink.runtime.entrypoint.ClusterEntrypoint.startCluster(ClusterEntrypoint.java:212) ~[flink-dist_2.11-1.14-SNAPSHOT.jar:1.14-SNAPSHOT]
	at org.apache.flink.runtime.entrypoint.ClusterEntrypoint.runClusterEntrypoint(ClusterEntrypoint.java:600) [flink-dist_2.11-1.14-SNAPSHOT.jar:1.14-SNAPSHOT]
	at org.apache.flink.runtime.entrypoint.StandaloneSessionClusterEntrypoint.main(StandaloneSessionClusterEntrypoint.java:59) [flink-dist_2.11-1.14-SNAPSHOT.jar:1.14-SNAPSHOT]
Caused by: java.net.BindException: Could not start actor system on any port in port range 6123
	at org.apache.flink.runtime.clusterframework.BootstrapTools.startRemoteActorSystem(BootstrapTools.java:173) ~[flink-dist_2.11-1.14-SNAPSHOT.jar:1.14-SNAPSHOT]
	at org.apache.flink.runtime.rpc.akka.AkkaRpcServiceUtils$AkkaRpcServiceBuilder.createAndStart(AkkaRpcServiceUtils.java:370) ~[flink-dist_2.11-1.14-SNAPSHOT.jar:1.14-SNAPSHOT]
	at org.apache.flink.runtime.rpc.akka.AkkaRpcServiceUtils$AkkaRpcServiceBuilder.createAndStart(AkkaRpcServiceUtils.java:344) ~[flink-dist_2.11-1.14-SNAPSHOT.jar:1.14-SNAPSHOT]
	at org.apache.flink.runtime.rpc.akka.AkkaRpcServiceUtils.createRemoteRpcService(AkkaRpcServiceUtils.java:92) ~[flink-dist_2.11-1.14-SNAPSHOT.jar:1.14-SNAPSHOT]
	at org.apache.flink.runtime.entrypoint.ClusterEntrypoint.initializeServices(ClusterEntrypoint.java:294) ~[flink-dist_2.11-1.14-SNAPSHOT.jar:1.14-SNAPSHOT]
	at org.apache.flink.runtime.entrypoint.ClusterEntrypoint.runCluster(ClusterEntrypoint.java:239) ~[flink-dist_2.11-1.14-SNAPSHOT.jar:1.14-SNAPSHOT]
	at org.apache.flink.runtime.entrypoint.ClusterEntrypoint.lambda$startCluster$1(ClusterEntrypoint.java:189) ~[flink-dist_2.11-1.14-SNAPSHOT.jar:1.14-SNAPSHOT]
	at org.apache.flink.runtime.security.contexts.NoOpSecurityContext.runSecured(NoOpSecurityContext.java:28) ~[flink-dist_2.11-1.14-SNAPSHOT.jar:1.14-SNAPSHOT]
	at org.apache.flink.runtime.entrypoint.ClusterEntrypoint.startCluster(ClusterEntrypoint.java:186) ~[flink-dist_2.11-1.14-SNAPSHOT.jar:1.14-SNAPSHOT]
	... 2 more
